<?xml version="1.0" encoding="UTF-8"?>
<!-- Generated by org.testng.reporters.JUnitXMLReporter -->
<testsuite ignored="3" hostname="MS" failures="3" tests="3" name="Functional Test" time="0.052" errors="0" timestamp="2023-02-19T16:49:57 EST">
  <testcase classname="TestNG_Demo.mercury_tours_TestNG" name="locatingWebelement" time="0.009">
    <failure type="java.lang.NullPointerException">
      <![CDATA[java.lang.NullPointerException
at TestNG_Demo.mercury_tours_TestNG.locatingWebelement(mercury_tours_TestNG.java:32)
at java.base/java.util.ArrayList.forEach(ArrayList.java:1541)
... Removed 27 stack frames]]>
    </failure>
  </testcase> <!-- locatingWebelement -->
  <testcase classname="TestNG_Demo.mercury_tours_TestNG" name="LoginSuccesseful" time="0.001">
    <failure type="java.lang.NullPointerException">
      <![CDATA[java.lang.NullPointerException
at TestNG_Demo.mercury_tours_TestNG.LoginSuccesseful(mercury_tours_TestNG.java:56)
at java.base/java.util.ArrayList.forEach(ArrayList.java:1541)
... Removed 27 stack frames]]>
    </failure>
  </testcase> <!-- LoginSuccesseful -->
  <testcase classname="TestNG_Demo.mercury_tours_TestNG" name="closingbrowser" time="0.001">
    <failure type="java.lang.NullPointerException">
      <![CDATA[java.lang.NullPointerException
at TestNG_Demo.mercury_tours_TestNG.closingbrowser(mercury_tours_TestNG.java:62)
at java.base/java.util.ArrayList.forEach(ArrayList.java:1541)
... Removed 27 stack frames]]>
    </failure>
  </testcase> <!-- closingbrowser -->
  <testcase classname="TestNG_Demo.TestNGHardAssertion" name="demoTest" time="0.0">
    <ignored/>
  </testcase> <!-- demoTest -->
  <testcase classname="TestNG_Demo.TestNGSoftAssertion" name="test2" time="0.0">
    <ignored/>
  </testcase> <!-- test2 -->
  <testcase classname="TestNG_Demo.TestNGSoftAssertion" name="test1" time="0.0">
    <ignored/>
  </testcase> <!-- test1 -->
</testsuite> <!-- Functional Test -->
